<?xml version="1.0" encoding="UTF-8"?>
<testng-results ignored="0" total="1" passed="1" failed="0" skipped="0">
  <reporter-output>
  </reporter-output>
  <suite started-at="2024-01-29T11:40:14 IST" name="Web Automation Test Suite" finished-at="2024-01-29T11:40:23 IST" duration-ms="8696">
    <groups>
      <group name="cucumber">
        <method signature="AbstractTestNGCucumberTests.runScenario(io.cucumber.testng.PickleWrapper, io.cucumber.testng.FeatureWrapper)[pri:0, instance:scripts.SeleniumFramework4X.Runner.TestRunner@50ad3bc1]" name="runScenario" class="io.cucumber.testng.AbstractTestNGCucumberTests"/>
      </group> <!-- cucumber -->
    </groups>
    <test started-at="2024-01-29T11:40:14 IST" name="Default test" finished-at="2024-01-29T11:40:23 IST" duration-ms="8696">
      <class name="scripts.SeleniumFramework4X.Runner.TestRunner">
        <test-method is-config="true" signature="setUpClass(org.testng.ITestContext)[pri:0, instance:scripts.SeleniumFramework4X.Runner.TestRunner@50ad3bc1]" started-at="2024-01-29T11:40:14 IST" name="setUpClass" finished-at="2024-01-29T11:40:15 IST" duration-ms="311" status="PASS">
          <params>
            <param index="0">
              <value>
                <![CDATA[org.testng.TestRunner@2577a95d]]>
              </value>
            </param>
          </params>
          <reporter-output>
          </reporter-output>
        </test-method> <!-- setUpClass -->
        <test-method is-config="true" signature="setupClass()[pri:0, instance:scripts.SeleniumFramework4X.Runner.TestRunner@50ad3bc1]" started-at="2024-01-29T11:40:15 IST" name="setupClass" finished-at="2024-01-29T11:40:15 IST" duration-ms="16" status="PASS">
          <reporter-output>
          </reporter-output>
        </test-method> <!-- setupClass -->
        <test-method signature="runScenario(io.cucumber.testng.PickleWrapper, io.cucumber.testng.FeatureWrapper)[pri:0, instance:scripts.SeleniumFramework4X.Runner.TestRunner@50ad3bc1]" started-at="2024-01-29T11:40:15 IST" name="runScenario" description="Runs Cucumber Scenarios" data-provider="scenarios" finished-at="2024-01-29T11:40:22 IST" duration-ms="7288" status="PASS">
          <params>
            <param index="0">
              <value>
                <![CDATA["verify saucdemo e2e flow with valid data"]]>
              </value>
            </param>
            <param index="1">
              <value>
                <![CDATA["Verify saucedemo e2e flow"]]>
              </value>
            </param>
          </params>
          <reporter-output>
          </reporter-output>
        </test-method> <!-- runScenario -->
        <test-method is-config="true" signature="tearDwonClass()[pri:0, instance:scripts.SeleniumFramework4X.Runner.TestRunner@50ad3bc1]" started-at="2024-01-29T11:40:23 IST" name="tearDwonClass" finished-at="2024-01-29T11:40:23 IST" duration-ms="36" status="PASS">
          <reporter-output>
          </reporter-output>
        </test-method> <!-- tearDwonClass -->
        <test-method is-config="true" signature="tearDownClass()[pri:0, instance:scripts.SeleniumFramework4X.Runner.TestRunner@50ad3bc1]" started-at="2024-01-29T11:40:23 IST" name="tearDownClass" finished-at="2024-01-29T11:40:23 IST" duration-ms="10" status="PASS">
          <reporter-output>
          </reporter-output>
        </test-method> <!-- tearDownClass -->
      </class> <!-- scripts.SeleniumFramework4X.Runner.TestRunner -->
    </test> <!-- Default test -->
  </suite> <!-- Web Automation Test Suite -->
</testng-results>
