<?xml version="1.0" encoding="UTF-8"?>
<testsuite xmlns:xsi="http://www.w3.org/2001/XMLSchema-instance" xsi:noNamespaceSchemaLocation="https://maven.apache.org/surefire/maven-surefire-plugin/xsd/surefire-test-report-3.0.xsd" version="3.0" name="TestSuite" time="19.546" tests="1" errors="0" skipped="0" failures="0">
  <properties>
[...]
</properties>
  <testcase name="runScenario[&quot;Veify placing an order&quot;, &quot;Verify E2E flow in sauce demo applciation&quot;](1)" classname="scripts.SeleniumFramework4X.Runner.TestRunner" time="8.806">
    <system-out><![CDATA[Complete Date is ::13-12-2023 05 31 56
Date is ::13-12-2023
05 31 56
05-31-56
browser directory is directoryName/Users/lucky/eclipse-workspace/SeleniumFramework4X/testResults/chrome
dateDirectory directory is directoryName/Users/lucky/eclipse-workspace/SeleniumFramework4X/testResults/chrome/13-12-2023
timestamp directory is directoryName/Users/lucky/eclipse-workspace/SeleniumFramework4X/testResults/chrome/13-12-2023/05-31-56
screenshot directory is directoryName/Users/lucky/eclipse-workspace/SeleniumFramework4X/testResults/chrome/13-12-2023/05-31-56/screenshots
extent report dir directory is directoryName/Users/lucky/eclipse-workspace/SeleniumFramework4X/testResults/chrome/13-12-2023/05-31-56/extentreport
log directory is directoryName/Users/lucky/eclipse-workspace/SeleniumFramework4X/testResults/chrome/13-12-2023/05-31-56/logs
log file name is ::/Users/lucky/eclipse-workspace/SeleniumFramework4X/testResults/chrome/13-12-2023/05-31-56/logs/log.log
before class mobile runner
extentReport/Users/lucky/eclipse-workspace/SeleniumFramework4X/testResults/chrome/13-12-2023/05-31-56/extentreport/ExtentReport.html
scenario name is : Veify placing an order
]]></system-out>
    <system-err><![CDATA[log4j:WARN No appenders could be found for logger (scripts.SeleniumFramework4X.Utilities.PropertyUtils).
log4j:WARN Please initialize the log4j system properly.
log4j:WARN See http://logging.apache.org/log4j/1.2/faq.html#noconfig for more info.
Dec 13, 2023 5:32:08 AM org.openqa.selenium.devtools.CdpVersionFinder findNearestMatch
WARNING: Unable to find an exact match for CDP version 120, so returning the closest version found: 117
]]></system-err>
  </testcase>
</testsuite>