<?xml version="1.0" encoding="UTF-8"?>
<testng-results ignored="0" total="1" passed="1" failed="0" skipped="0">
  <reporter-output>
  </reporter-output>
  <suite started-at="2023-12-13T05:31:56 IST" name="Web Automation Test Suite" finished-at="2023-12-13T05:32:10 IST" duration-ms="14241">
    <groups>
      <group name="cucumber">
        <method signature="AbstractTestNGCucumberTests.runScenario(io.cucumber.testng.PickleWrapper, io.cucumber.testng.FeatureWrapper)[pri:0, instance:scripts.SeleniumFramework4X.Runner.TestRunner@6989da5e]" name="runScenario" class="io.cucumber.testng.AbstractTestNGCucumberTests"/>
      </group> <!-- cucumber -->
    </groups>
    <test started-at="2023-12-13T05:31:56 IST" name="Default test" finished-at="2023-12-13T05:32:10 IST" duration-ms="14241">
      <class name="scripts.SeleniumFramework4X.Runner.TestRunner">
        <test-method is-config="true" signature="setUpClass(org.testng.ITestContext)[pri:0, instance:scripts.SeleniumFramework4X.Runner.TestRunner@6989da5e]" started-at="2023-12-13T05:31:56 IST" name="setUpClass" finished-at="2023-12-13T05:31:56 IST" duration-ms="244" status="PASS">
          <params>
            <param index="0">
              <value>
                <![CDATA[org.testng.TestRunner@5377414a]]>
              </value>
            </param>
          </params>
          <reporter-output>
          </reporter-output>
        </test-method> <!-- setUpClass -->
        <test-method is-config="true" signature="setupClass()[pri:0, instance:scripts.SeleniumFramework4X.Runner.TestRunner@6989da5e]" started-at="2023-12-13T05:31:56 IST" name="setupClass" finished-at="2023-12-13T05:31:56 IST" duration-ms="13" status="PASS">
          <reporter-output>
          </reporter-output>
        </test-method> <!-- setupClass -->
        <test-method signature="runScenario(io.cucumber.testng.PickleWrapper, io.cucumber.testng.FeatureWrapper)[pri:0, instance:scripts.SeleniumFramework4X.Runner.TestRunner@6989da5e]" started-at="2023-12-13T05:31:56 IST" name="runScenario" description="Runs Cucumber Scenarios" data-provider="scenarios" finished-at="2023-12-13T05:32:10 IST" duration-ms="13638" status="PASS">
          <params>
            <param index="0">
              <value>
                <![CDATA["Veify placing an order"]]>
              </value>
            </param>
            <param index="1">
              <value>
                <![CDATA["Verify E2E flow in sauce demo applciation"]]>
              </value>
            </param>
          </params>
          <reporter-output>
          </reporter-output>
        </test-method> <!-- runScenario -->
        <test-method is-config="true" signature="tearDwonClass()[pri:0, instance:scripts.SeleniumFramework4X.Runner.TestRunner@6989da5e]" started-at="2023-12-13T05:32:10 IST" name="tearDwonClass" finished-at="2023-12-13T05:32:10 IST" duration-ms="4" status="PASS">
          <reporter-output>
          </reporter-output>
        </test-method> <!-- tearDwonClass -->
        <test-method is-config="true" signature="tearDownClass()[pri:0, instance:scripts.SeleniumFramework4X.Runner.TestRunner@6989da5e]" started-at="2023-12-13T05:32:10 IST" name="tearDownClass" finished-at="2023-12-13T05:32:10 IST" duration-ms="2" status="PASS">
          <reporter-output>
          </reporter-output>
        </test-method> <!-- tearDownClass -->
      </class> <!-- scripts.SeleniumFramework4X.Runner.TestRunner -->
    </test> <!-- Default test -->
  </suite> <!-- Web Automation Test Suite -->
</testng-results>
