<?xml version="1.0" encoding="UTF-8"?>
<!-- Generated by org.testng.reporters.JUnitXMLReporter -->
<testsuite ignored="0" hostname="ashok" failures="1" tests="1" name="Default test" time="0.523" errors="0" timestamp="2024-01-17T18:12:51 IST">
  <testcase classname="io.cucumber.testng.AbstractTestNGCucumberTests" name="runScenario" time="0.146">
    <failure type="java.lang.NullPointerException" message="Cannot invoke &amp;quot;com.relevantcodes.extentreports.ExtentTest.log(com.relevantcodes.extentreports.LogStatus, String)&amp;quot; because &amp;quot;scripts.SeleniumFramework4X.Utilities.TestResultsUtils.logger&amp;quot; is null">
      <![CDATA[java.lang.NullPointerException: Cannot invoke "com.relevantcodes.extentreports.ExtentTest.log(com.relevantcodes.extentreports.LogStatus, String)" because "scripts.SeleniumFramework4X.Utilities.TestResultsUtils.logger" is null
at scripts.SeleniumFramework4X.StepDefinition.LoginPageStepDefiniton.beforeHook(LoginPageStepDefiniton.java:34)
]]>
    </failure>
  </testcase> <!-- runScenario -->
</testsuite> <!-- Default test -->
